# JRE version: OpenJDK Runtime Environment Temurin-17.0.18+8 (17.0.18+8) (build 17.0.18+8)
# Java VM: OpenJDK 64-Bit Server VM Temurin-17.0.18+8 (17.0.18+8, mixed mode, sharing, tiered, compressed oops, compressed class ptrs, g1 gc, windows-amd64)
GC Precious Log:
 CPUs: 8 total, 8 available
 Memory: 6030M
 Large Page Support: Disabled
 NUMA Support: Disabled
 Compressed Oops: Enabled (Zero based)
 Heap Region Size: 2M
 Heap Min Capacity: 8M
 Heap Initial Capacity: 96M
 Heap Max Capacity: 4G
 Pre-touch: Disabled
 Parallel Workers: 8
 Concurrent Workers: 2
 Concurrent Refinement Workers: 8
 Periodic GC: Disabled
Heap:
 garbage-first heap   total 356352K, used 190605K [0x0000000700000000, 0x0000000800000000)
  region size 2048K, 3 young (6144K), 3 survivors (6144K)
 Metaspace       used 104579K, committed 105600K, reserved 983040K
  class space    used 14404K, committed 14848K, reserved 851968K
GC Heap History (20 events):
Event: 620.695 GC heap after
{Heap after GC invocations=56 (full 0):
 garbage-first heap   total 282624K, used 127894K [0x0000000700000000, 0x0000000800000000)
  region size 2048K, 6 young (12288K), 6 survivors (12288K)
 Metaspace       used 100716K, committed 101568K, reserved 983040K
  class space    used 13888K, committed 14272K, reserved 851968K
}
Event: 707.225 GC heap before
{Heap before GC invocations=56 (full 0):
 garbage-first heap   total 282624K, used 230294K [0x0000000700000000, 0x0000000800000000)
  region size 2048K, 56 young (114688K), 6 survivors (12288K)
 Metaspace       used 102607K, committed 103488K, reserved 983040K
  class space    used 14123K, committed 14528K, reserved 851968K
}
Event: 707.269 GC heap after
{Heap after GC invocations=57 (full 0):
 garbage-first heap   total 282624K, used 139385K [0x0000000700000000, 0x0000000800000000)
  region size 2048K, 6 young (12288K), 6 survivors (12288K)
 Metaspace       used 102607K, committed 103488K, reserved 983040K
  class space    used 14123K, committed 14528K, reserved 851968K
}
Event: 715.757 GC heap before
{Heap before GC invocations=57 (full 0):
 garbage-first heap   total 282624K, used 227449K [0x0000000700000000, 0x0000000800000000)
  region size 2048K, 49 young (100352K), 6 survivors (12288K)
 Metaspace       used 103645K, committed 104640K, reserved 983040K
  class space    used 14299K, committed 14720K, reserved 851968K
}
Event: 715.797 GC heap after
{Heap after GC invocations=58 (full 0):
 garbage-first heap   total 282624K, used 144947K [0x0000000700000000, 0x0000000800000000)
  region size 2048K, 4 young (8192K), 4 survivors (8192K)
 Metaspace       used 103645K, committed 104640K, reserved 983040K
  class space    used 14299K, committed 14720K, reserved 851968K
}
Event: 720.567 GC heap before
{Heap before GC invocations=58 (full 0):
 garbage-first heap   total 282624K, used 226867K [0x0000000700000000, 0x0000000800000000)
  region size 2048K, 45 young (92160K), 4 survivors (8192K)
 Metaspace       used 103963K, committed 104960K, reserved 983040K
  class space    used 14334K, committed 14784K, reserved 851968K
}
Event: 720.616 GC heap after
{Heap after GC invocations=59 (full 0):
 garbage-first heap   total 282624K, used 154158K [0x0000000700000000, 0x0000000800000000)
  region size 2048K, 6 young (12288K), 6 survivors (12288K)
 Metaspace       used 103963K, committed 104960K, reserved 983040K
  class space    used 14334K, committed 14784K, reserved 851968K
}
Event: 722.542 GC heap before
{Heap before GC invocations=59 (full 0):
 garbage-first heap   total 282624K, used 223790K [0x0000000700000000, 0x0000000800000000)
  region size 2048K, 41 young (83968K), 6 survivors (12288K)
 Metaspace       used 103963K, committed 104960K, reserved 983040K
  class space    used 14334K, committed 14784K, reserved 851968K
}
Event: 722.564 GC heap after
{Heap after GC invocations=60 (full 0):
 garbage-first heap   total 282624K, used 156355K [0x0000000700000000, 0x0000000800000000)
  region size 2048K, 3 young (6144K), 3 survivors (6144K)
 Metaspace       used 103963K, committed 104960K, reserved 983040K
  class space    used 14334K, committed 14784K, reserved 851968K
}
Event: 741.439 GC heap before
{Heap before GC invocations=60 (full 0):
 garbage-first heap   total 282624K, used 225987K [0x0000000700000000, 0x0000000800000000)
  region size 2048K, 38 young (77824K), 3 survivors (6144K)
 Metaspace       used 104178K, committed 105152K, reserved 983040K
  class space    used 14355K, committed 14784K, reserved 851968K
}
Event: 741.621 GC heap after
{Heap after GC invocations=61 (full 0):
 garbage-first heap   total 282624K, used 165888K [0x0000000700000000, 0x0000000800000000)
  region size 2048K, 5 young (10240K), 5 survivors (10240K)
 Metaspace       used 104178K, committed 105152K, reserved 983040K
  class space    used 14355K, committed 14784K, reserved 851968K
}
Event: 751.799 GC heap before
{Heap before GC invocations=61 (full 0):
 garbage-first heap   total 282624K, used 227328K [0x0000000700000000, 0x0000000800000000)
  region size 2048K, 36 young (73728K), 5 survivors (10240K)
 Metaspace       used 104182K, committed 105152K, reserved 983040K
  class space    used 14355K, committed 14784K, reserved 851968K
}
Event: 751.935 GC heap after
{Heap after GC invocations=62 (full 0):
 garbage-first heap   total 282624K, used 169901K [0x0000000700000000, 0x0000000800000000)
  region size 2048K, 3 young (6144K), 3 survivors (6144K)
 Metaspace       used 104182K, committed 105152K, reserved 983040K
  class space    used 14355K, committed 14784K, reserved 851968K
}
Event: 757.060 GC heap before
{Heap before GC invocations=62 (full 0):
 garbage-first heap   total 282624K, used 227245K [0x0000000700000000, 0x0000000800000000)
  region size 2048K, 32 young (65536K), 3 survivors (6144K)
 Metaspace       used 104182K, committed 105152K, reserved 983040K
  class space    used 14355K, committed 14784K, reserved 851968K
}
Event: 760.110 GC heap after
{Heap after GC invocations=63 (full 0):
 garbage-first heap   total 282624K, used 171233K [0x0000000700000000, 0x0000000800000000)
  region size 2048K, 3 young (6144K), 3 survivors (6144K)
 Metaspace       used 104182K, committed 105152K, reserved 983040K
  class space    used 14355K, committed 14784K, reserved 851968K
}
Event: 789.923 GC heap before
{Heap before GC invocations=64 (full 0):
 garbage-first heap   total 356352K, used 230625K [0x0000000700000000, 0x0000000800000000)
  region size 2048K, 30 young (61440K), 3 survivors (6144K)
 Metaspace       used 104501K, committed 105536K, reserved 983040K
  class space    used 14401K, committed 14848K, reserved 851968K
}
Event: 789.951 GC heap after
{Heap after GC invocations=65 (full 0):
 garbage-first heap   total 356352K, used 188493K [0x0000000700000000, 0x0000000800000000)
  region size 2048K, 4 young (8192K), 4 survivors (8192K)
 Metaspace       used 104501K, committed 105536K, reserved 983040K
  class space    used 14401K, committed 14848K, reserved 851968K
}
Event: 790.068 GC heap before
{Heap before GC invocations=65 (full 0):
 garbage-first heap   total 356352K, used 194637K [0x0000000700000000, 0x0000000800000000)
  region size 2048K, 8 young (16384K), 4 survivors (8192K)
 Metaspace       used 104502K, committed 105536K, reserved 983040K
  class space    used 14401K, committed 14848K, reserved 851968K
}
Event: 790.083 GC heap after
{Heap after GC invocations=66 (full 0):
 garbage-first heap   total 356352K, used 187179K [0x0000000700000000, 0x0000000800000000)
  region size 2048K, 1 young (2048K), 1 survivors (2048K)
 Metaspace       used 104502K, committed 105536K, reserved 983040K
  class space    used 14401K, committed 14848K, reserved 851968K
}
Event: 799.108 GC heap before
{Heap before GC invocations=66 (full 0):
 garbage-first heap   total 356352K, used 287531K [0x0000000700000000, 0x0000000800000000)
  region size 2048K, 50 young (102400K), 1 survivors (2048K)
 Metaspace       used 104579K, committed 105600K, reserved 983040K
  class space    used 14404K, committed 14848K, reserved 851968K
}

